npm WARN deprecated ganache-core@2.13.2: ganache-core is now ganache; visit https://trfl.io/g7 for details
npm WARN deprecated ganache-core@2.13.2: ganache-core is now ganache; visit https://trfl.io/g7 for details
npm WARN deprecated testrpc@0.0.1: testrpc has been renamed to ganache-cli, please use this package from now on.
npm WARN deprecated request-promise-native@1.0.9: request-promise-native has been deprecated because it extends the now deprecated request package, see https://github.com/request/request/issues/3142
npm WARN deprecated har-validator@5.1.5: this library is no longer supported
npm WARN deprecated fsevents@2.1.3: "Please update to latest v2.3 or v2.2"
npm WARN deprecated debug@3.2.6: Debug versions >=3.2.0 <3.2.7 || >=4 <4.3.1 have a low-severity ReDos regression when used in a Node.js environment. It is recommended you upgrade to 3.2.7 or 4.3.1. (https://github.com/visionmedia/debug/issues/797)
npm WARN deprecated querystring@0.2.0: The querystring API is considered Legacy. new code should use the URLSearchParams API instead.
npm WARN deprecated @ledgerhq/hw-transport-u2f@5.26.0: @ledgerhq/hw-transport-u2f is deprecated. Please use @ledgerhq/hw-transport-webusb or @ledgerhq/hw-transport-webhid. https://github.com/LedgerHQ/ledgerjs/blob/master/docs/migrate_webusb.md
npm WARN deprecated uuid@2.0.1: Please upgrade  to version 7 or higher.  Older versions may use Math.random() in certain circumstances, which is known to be problematic.  See https://v8.dev/blog/math-random for details.
npm WARN deprecated uuid@3.4.0: Please upgrade  to version 7 or higher.  Older versions may use Math.random() in certain circumstances, which is known to be problematic.  See https://v8.dev/blog/math-random for details.
npm WARN deprecated request@2.88.2: request has been deprecated, see https://github.com/request/request/issues/3142
npm WARN deprecated @ensdomains/ens@0.4.5: Please use @ensdomains/ens-contracts
npm WARN deprecated @ensdomains/resolver@0.2.4: Please use @ensdomains/ens-contracts

added 1695 packages, and audited 1699 packages in 49s

145 packages are looking for funding
  run `npm fund` for details

57 vulnerabilities (11 moderate, 45 high, 1 critical)

To address issues that do not require attention, run:
  npm audit fix

Some issues need review, and may require choosing
a different dependency.

Run `npm audit` for details.
